Removed Member From Class: ClassName=U_EMI_HV_Protect Member=C?
Removed Member From Class: ClassName=U_EMI_HV_Protect Member=R?
Removed Member From Class: ClassName=PP300V Member=NetBR?_+
Removed Member From Class: ClassName=PP300V Member=NetBR?_F
Removed Member From Class: ClassName=PP300V Member=NetBR?_N
Removed Member From Class: ClassName=PP300V Member=NetCX?_2
Change Component Designator: OldDesignator=BR? NewDesignator=BR1
Change Component Designator: OldDesignator=C? NewDesignator=C1
Change Component Designator: OldDesignator=C? NewDesignator=C2
Change Component Designator: OldDesignator=C? NewDesignator=C3
Change Component Designator: OldDesignator=C? NewDesignator=C4
Change Component Designator: OldDesignator=C? NewDesignator=C5
Change Component Designator: OldDesignator=C? NewDesignator=C6
Change Component Designator: OldDesignator=C? NewDesignator=C7
Change Component Designator: OldDesignator=C? NewDesignator=C8
Change Component Designator: OldDesignator=C? NewDesignator=C9
Change Component Designator: OldDesignator=C? NewDesignator=C10
Change Component Designator: OldDesignator=C? NewDesignator=C11
Change Component Designator: OldDesignator=C? NewDesignator=C12
Change Component Designator: OldDesignator=C? NewDesignator=C13
Change Component Designator: OldDesignator=C? NewDesignator=C14
Change Component Designator: OldDesignator=C? NewDesignator=C15
Change Component Designator: OldDesignator=C? NewDesignator=C16
Change Component Designator: OldDesignator=C? NewDesignator=C17
Change Component Designator: OldDesignator=C? NewDesignator=C18
Change Component Designator: OldDesignator=CX? NewDesignator=CX1
Change Component Designator: OldDesignator=D? NewDesignator=D1
Change Component Designator: OldDesignator=D? NewDesignator=D2
Change Component Designator: OldDesignator=D? NewDesignator=D3
Change Component Designator: OldDesignator=D? NewDesignator=D4
Change Component Designator: OldDesignator=D? NewDesignator=D5
Change Component Designator: OldDesignator=D? NewDesignator=D6
Change Component Designator: OldDesignator=D? NewDesignator=D7
Change Component Designator: OldDesignator=DD? NewDesignator=DD1
Change Component Designator: OldDesignator=DZ? NewDesignator=DZ1
Change Component Designator: OldDesignator=F? NewDesignator=F1
Change Component Designator: OldDesignator=IC? NewDesignator=IC1
Change Component Designator: OldDesignator=LED? NewDesignator=LED1
Change Component Designator: OldDesignator=LF? NewDesignator=LF1
Change Component Designator: OldDesignator=LLC? NewDesignator=LLC1
Change Component Designator: OldDesignator=NTC? NewDesignator=NTC1
Change Component Designator: OldDesignator=OP? NewDesignator=OP1
Change Component Designator: OldDesignator=OUT? NewDesignator=OUT1
Change Component Designator: OldDesignator=POWER? NewDesignator=POWER1
Change Component Designator: OldDesignator=Q? NewDesignator=Q1
Change Component Designator: OldDesignator=Q? NewDesignator=Q2
Change Component Designator: OldDesignator=Q? NewDesignator=Q3
Change Component Designator: OldDesignator=R? NewDesignator=R1
Change Component Designator: OldDesignator=R? NewDesignator=R2
Change Component Designator: OldDesignator=R? NewDesignator=R3
Change Component Designator: OldDesignator=R? NewDesignator=R4
Change Component Designator: OldDesignator=R? NewDesignator=R5
Change Component Designator: OldDesignator=R? NewDesignator=R6
Change Component Designator: OldDesignator=R? NewDesignator=R7
Change Component Designator: OldDesignator=R? NewDesignator=R8
Change Component Designator: OldDesignator=R? NewDesignator=R9
Change Component Designator: OldDesignator=R? NewDesignator=R10
Change Component Designator: OldDesignator=R? NewDesignator=R11
Change Component Designator: OldDesignator=R? NewDesignator=R12
Change Component Designator: OldDesignator=R? NewDesignator=R13
Change Component Designator: OldDesignator=R? NewDesignator=R14
Change Component Designator: OldDesignator=R? NewDesignator=R15
Change Component Designator: OldDesignator=R? NewDesignator=R16
Change Component Designator: OldDesignator=R? NewDesignator=R17
Change Component Designator: OldDesignator=R? NewDesignator=R18
Change Component Designator: OldDesignator=R? NewDesignator=R19
Change Component Designator: OldDesignator=R? NewDesignator=R20
Change Component Designator: OldDesignator=R? NewDesignator=R21
Change Component Designator: OldDesignator=R? NewDesignator=R22
Change Component Designator: OldDesignator=R? NewDesignator=R23
Change Component Designator: OldDesignator=R? NewDesignator=R24
Change Component Designator: OldDesignator=R? NewDesignator=R25
Change Component Designator: OldDesignator=R? NewDesignator=R26
Change Component Designator: OldDesignator=R? NewDesignator=R27
Change Component Designator: OldDesignator=R? NewDesignator=R28
Change Component Designator: OldDesignator=R? NewDesignator=R29
Change Component Designator: OldDesignator=R? NewDesignator=R30
Change Component Designator: OldDesignator=R? NewDesignator=R31
Change Component Designator: OldDesignator=R? NewDesignator=R32
Change Component Designator: OldDesignator=R? NewDesignator=R33
Change Component Designator: OldDesignator=R? NewDesignator=R34
Change Component Designator: OldDesignator=R? NewDesignator=R35
Change Component Designator: OldDesignator=R? NewDesignator=R36
Change Component Designator: OldDesignator=R? NewDesignator=R37
Change Component Designator: OldDesignator=R? NewDesignator=R38
Change Component Designator: OldDesignator=R? NewDesignator=R39
Change Component Designator: OldDesignator=R? NewDesignator=R40
Change Component Designator: OldDesignator=Z? NewDesignator=Z1
Change Component Designator: OldDesignator=Z? NewDesignator=Z2
Change Net Name : Old Net Name=NetBR?_+ New Net Name=NetBR1_+
Change Net Name : Old Net Name=NetBR?_F New Net Name=NetBR1_F
Change Net Name : Old Net Name=NetBR?_N New Net Name=NetBR1_N
Change Net Name : Old Net Name=NetC?_1 New Net Name=NetC11_1
Change Net Name : Old Net Name=NetC?_2 New Net Name=NetC13_2
Change Net Name : Old Net Name=NetCX?_2 New Net Name=NetCX1_2
Change Net Name : Old Net Name=NetD?_A New Net Name=NetD3_A
Change Net Name : Old Net Name=NetD?_K New Net Name=NetD2_K
Change Net Name : Old Net Name=NetDD?_1 New Net Name=NetDD1_1
Change Net Name : Old Net Name=NetDD?_3 New Net Name=NetDD1_3
Change Net Name : Old Net Name=NetIC?_2 New Net Name=NetIC1_2
Change Net Name : Old Net Name=NetIC?_4 New Net Name=NetIC1_4
Change Net Name : Old Net Name=NetIC?_5 New Net Name=NetIC1_5
Change Net Name : Old Net Name=NetIC?_7 New Net Name=NetIC1_7
Change Net Name : Old Net Name=NetIC?_13 New Net Name=NetIC1_13
Change Net Name : Old Net Name=NetLED?_A New Net Name=NetLED1_A
Change Net Name : Old Net Name=NetLLC?_8 New Net Name=NetLLC1_8
Change Net Name : Old Net Name=NetLLC?_9 New Net Name=NetLLC1_9
Change Net Name : Old Net Name=NetLLC?_10 New Net Name=NetLLC1_10
Change Net Name : Old Net Name=NetLLC?_11 New Net Name=NetLLC1_11
Change Net Name : Old Net Name=NetOP?_1 New Net Name=NetOP1_1
Change Net Name : Old Net Name=NetOP?_2 New Net Name=NetOP1_2
Change Net Name : Old Net Name=NetOP?_4 New Net Name=NetOP1_4
Change Net Name : Old Net Name=NetQ?_1 New Net Name=NetQ3_1
Change Net Name : Old Net Name=NetQ?_3 New Net Name=NetQ3_3
Change Net Name : Old Net Name=NetR?_1 New Net Name=NetR2_1
Added Pin To Net: NetName=NetC4_2 Pin=C4-2
Added Pin To Net: NetName=NetC4_2 Pin=C5-2
Added Pin To Net: NetName=NetC4_2 Pin=LLC1-3
Added Pin To Net: NetName=NetC4_2 Pin=R13-2
Added Net: Name=NetC4_2
Added Pin To Net: NetName=NetC9_1 Pin=C9-1
Added Pin To Net: NetName=NetC9_1 Pin=D4-A
Added Pin To Net: NetName=NetC9_1 Pin=D5-K
Added Net: Name=NetC9_1
Added Pin To Net: NetName=NetC9_2 Pin=C9-2
Added Pin To Net: NetName=NetC9_2 Pin=R13-1
Added Net: Name=NetC9_2
Added Pin To Net: NetName=NetC10_2 Pin=C10-2
Added Pin To Net: NetName=NetC10_2 Pin=C11-2
Added Pin To Net: NetName=NetC10_2 Pin=DZ1-REF
Added Pin To Net: NetName=NetC10_2 Pin=R14-2
Added Pin To Net: NetName=NetC10_2 Pin=R15-1
Added Pin To Net: NetName=NetC10_2 Pin=R16-1
Added Net: Name=NetC10_2
Added Pin To Net: NetName=NetC12_2 Pin=C12-2
Added Pin To Net: NetName=NetC12_2 Pin=R16-2
Added Net: Name=NetC12_2
Added Pin To Net: NetName=NetC13_1 Pin=C13-1
Added Pin To Net: NetName=NetC13_1 Pin=R23-1
Added Net: Name=NetC13_1
Added Pin To Net: NetName=NetC14_2 Pin=C14-2
Added Pin To Net: NetName=NetC14_2 Pin=IC1-3
Added Pin To Net: NetName=NetC14_2 Pin=R34-2
Added Net: Name=NetC14_2
Added Pin To Net: NetName=NetC15_1 Pin=C15-1
Added Pin To Net: NetName=NetC15_1 Pin=IC1-14
Added Pin To Net: NetName=NetC15_1 Pin=LLC1-4
Added Pin To Net: NetName=NetC15_1 Pin=Q1-3
Added Pin To Net: NetName=NetC15_1 Pin=Q2-2
Added Pin To Net: NetName=NetC15_1 Pin=R7-1
Added Net: Name=NetC15_1
Added Pin To Net: NetName=NetC15_2 Pin=C15-2
Added Pin To Net: NetName=NetC15_2 Pin=IC1-16
Added Pin To Net: NetName=NetC15_2 Pin=R35-1
Added Net: Name=NetC15_2
Added Pin To Net: NetName=NetC16_1 Pin=C16-1
Added Pin To Net: NetName=NetC16_1 Pin=IC1-1
Added Net: Name=NetC16_1
Added Pin To Net: NetName=NetC18_1 Pin=C18-1
Added Pin To Net: NetName=NetC18_1 Pin=IC1-8
Added Pin To Net: NetName=NetC18_1 Pin=R38-2
Added Pin To Net: NetName=NetC18_1 Pin=R39-1
Added Pin To Net: NetName=NetC18_1 Pin=R40-2
Added Net: Name=NetC18_1
Added Pin To Net: NetName=NetD1_A Pin=D1-A
Added Pin To Net: NetName=NetD1_A Pin=Q1-1
Added Pin To Net: NetName=NetD1_A Pin=R6-1
Added Pin To Net: NetName=NetD1_A Pin=R7-2
Added Net: Name=NetD1_A
Added Pin To Net: NetName=NetD2_A Pin=D2-A
Added Pin To Net: NetName=NetD2_A Pin=LLC1-1
Added Net: Name=NetD2_A
Added Pin To Net: NetName=NetD4_K Pin=D4-K
Added Pin To Net: NetName=NetD4_K Pin=R14-1
Added Net: Name=NetD4_K
Added Pin To Net: NetName=NetD6_A Pin=D6-A
Added Pin To Net: NetName=NetD6_A Pin=Q3-2
Added Pin To Net: NetName=NetD6_A Pin=R26-2
Added Pin To Net: NetName=NetD6_A Pin=R39-2
Added Net: Name=NetD6_A
Added Pin To Net: NetName=NetD7_K Pin=D7-K
Added Pin To Net: NetName=NetD7_K Pin=R35-2
Added Net: Name=NetD7_K
Added Pin To Net: NetName=NetR3_1 Pin=R3-1
Added Pin To Net: NetName=NetR3_1 Pin=R4-2
Added Net: Name=NetR3_1
Added Pin To Net: NetName=NetR17_2 Pin=R17-2
Added Pin To Net: NetName=NetR17_2 Pin=R18-1
Added Net: Name=NetR17_2
Added Member To Class: ClassName=U_EMI_HV_Protect Member=Component C1 100uF-400V
Added Member To Class: ClassName=U_LLC Member=Component C2 10nF/1KV
Added Member To Class: ClassName=U_LLC Member=Component C3 100uF-25V
Added Member To Class: ClassName=U_LLC Member=Component C4 22nF/630V - MKT
Added Member To Class: ClassName=U_LLC Member=Component C5 22nF/630V - MKT
Added Member To Class: ClassName=U_LLC Member=Component C6 1000uF/35V
Added Member To Class: ClassName=U_LLC Member=Component C8 1000uF/35V
Added Member To Class: ClassName=U_LLC Member=Component C9 220pF
Added Member To Class: ClassName=U_LLC Member=Component C10 10nF
Added Member To Class: ClassName=U_LLC Member=Component C11 68nF
Added Member To Class: ClassName=U_LLC Member=Component C12 NU
Added Member To Class: ClassName=U_LLC Member=Component C13 22nF
Added Member To Class: ClassName=U_LLC Member=Component C14 4.7uF
Added Member To Class: ClassName=U_LLC Member=Component C15 100nF
Added Member To Class: ClassName=U_LLC Member=Component C16 1uF
Added Member To Class: ClassName=U_LLC Member=Component C17 100nF
Added Member To Class: ClassName=U_LLC Member=Component C18 2.2nF
Added Member To Class: ClassName=U_LLC Member=Component D1 4148
Added Member To Class: ClassName=U_LLC Member=Component D2 US1M
Added Member To Class: ClassName=U_LLC Member=Component D3 4148
Added Member To Class: ClassName=U_LLC Member=Component D5 4148
Added Member To Class: ClassName=U_LLC Member=Component D6 4148
Added Member To Class: ClassName=U_LLC Member=Component D7 DIOD/RECTIFIERS
Added Member To Class: ClassName=U_LLC Member=Component Q2 SVF12N650
Added Member To Class: ClassName=U_LLC Member=Component Q3
Added Member To Class: ClassName=U_EMI_HV_Protect Member=Component R1 1M
Added Member To Class: ClassName=U_LLC Member=Component R2 33K
Added Member To Class: ClassName=U_LLC Member=Component R3 33K
Added Member To Class: ClassName=U_LLC Member=Component R4 33K
Added Member To Class: ClassName=U_LLC Member=Component R5 10R
Added Member To Class: ClassName=U_LLC Member=Component R6 10R
Added Member To Class: ClassName=U_LLC Member=Component R7 10K
Added Member To Class: ClassName=U_LLC Member=Component R8 33R
Added Member To Class: ClassName=U_LLC Member=Component R9 10K
Added Member To Class: ClassName=U_LLC Member=Component R10 10K
Added Member To Class: ClassName=U_LLC Member=Component R11 2.2K
Added Member To Class: ClassName=U_LLC Member=Component R12 2.2K
Added Member To Class: ClassName=U_LLC Member=Component R13 680R
Added Member To Class: ClassName=U_LLC Member=Component R14 100K
Added Member To Class: ClassName=U_LLC Member=Component R15 5.1K
Added Member To Class: ClassName=U_LLC Member=Component R16 NU
Added Member To Class: ClassName=U_LLC Member=Component R17 220
Added Member To Class: ClassName=U_LLC Member=Component R18 18K
Added Member To Class: ClassName=U_LLC Member=Component R19 1K
Added Member To Class: ClassName=U_LLC Member=Component R20 10K
Added Member To Class: ClassName=U_LLC Member=Component R21 2.2K
Added Member To Class: ClassName=U_LLC Member=Component R22 39K
Added Member To Class: ClassName=U_LLC Member=Component R23 1K
Added Member To Class: ClassName=U_LLC Member=Component R24 2.2K
Added Member To Class: ClassName=U_LLC Member=Component R25 512R
Added Member To Class: ClassName=U_LLC Member=Component R26 10K
Added Member To Class: ClassName=U_LLC Member=Component R27 10K
Added Member To Class: ClassName=U_LLC Member=Component R28 6.2K
Added Member To Class: ClassName=U_LLC Member=Component R29 100R
Added Member To Class: ClassName=U_LLC Member=Component R30 1.5K
Added Member To Class: ClassName=U_LLC Member=Component R31 10K
Added Member To Class: ClassName=U_LLC Member=Component R32 2.2K
Added Member To Class: ClassName=U_LLC Member=Component R33 3.9K
Added Member To Class: ClassName=U_LLC Member=Component R34 150K
Added Member To Class: ClassName=U_LLC Member=Component R35 10R
Added Member To Class: ClassName=U_LLC Member=Component R36 10K
Added Member To Class: ClassName=U_LLC Member=Component R37 10K
Added Member To Class: ClassName=U_LLC Member=Component R38 50R
Added Member To Class: ClassName=U_LLC Member=Component R39 0R/NU
Added Member To Class: ClassName=U_LLC Member=Component Z2 TL431
Added Member To Class: ClassName=PP300V Member=Wire NetBR1_+
Added Member To Class: ClassName=PP300V Member=Wire NetBR1_F
Added Member To Class: ClassName=PP300V Member=Wire NetBR1_N
Added Member To Class: ClassName=PP300V Member=Wire NetCX1_2
Added Room: Name=Multi
Added Room: Name=U_EMI_HV_Protect
Added Room: Name=U_LLC
